<?xml version="1.0" encoding="UTF-8"?>
<testsuite name="com.sahaj.config.HotelBuilderTest" tests="5" skipped="0" failures="0" errors="0" timestamp="2018-02-05T05:59:10" hostname="IBM-MIQBAL-BL" time="0.02">
  <properties/>
  <testcase name="testAddSubCorridors" classname="com.sahaj.config.HotelBuilderTest" time="0.02"/>
  <testcase name="testBuild" classname="com.sahaj.config.HotelBuilderTest" time="0.0"/>
  <testcase name="testAddFloors" classname="com.sahaj.config.HotelBuilderTest" time="0.0"/>
  <testcase name="testAddMainCorridors" classname="com.sahaj.config.HotelBuilderTest" time="0.0"/>
  <testcase name="testConstructor" classname="com.sahaj.config.HotelBuilderTest" time="0.0"/>
  <system-out><![CDATA[]]></system-out>
  <system-err><![CDATA[]]></system-err>
</testsuite>
