<?xml version="1.0" encoding="UTF-8"?>
<testsuite name="com.sahaj.controllers.PowerControllerHelperTest" tests="6" skipped="0" failures="0" errors="0" timestamp="2018-02-05T05:59:10" hostname="IBM-MIQBAL-BL" time="0.0">
  <properties/>
  <testcase name="testFindSomeOtherSubCorridor" classname="com.sahaj.controllers.PowerControllerHelperTest" time="0.0"/>
  <testcase name="testSwitchACOffAtSubCorridor" classname="com.sahaj.controllers.PowerControllerHelperTest" time="0.0"/>
  <testcase name="testFindMatchingFloor" classname="com.sahaj.controllers.PowerControllerHelperTest" time="0.0"/>
  <testcase name="testFindMatchingSubCorridor" classname="com.sahaj.controllers.PowerControllerHelperTest" time="0.0"/>
  <testcase name="testIsLightBulbSwitchedOnAtSubCorridor" classname="com.sahaj.controllers.PowerControllerHelperTest" time="0.0"/>
  <testcase name="testSwitchACOnAtSubCorridor" classname="com.sahaj.controllers.PowerControllerHelperTest" time="0.0"/>
  <system-out><![CDATA[]]></system-out>
  <system-err><![CDATA[]]></system-err>
</testsuite>
