<?xml version="1.0" encoding="UTF-8"?>
<testsuite name="com.sahaj.controllers.MotionControllerTest" tests="2" skipped="0" failures="0" errors="0" timestamp="2018-02-05T05:59:10" hostname="IBM-MIQBAL-BL" time="0.004">
  <properties/>
  <testcase name="testMotionController" classname="com.sahaj.controllers.MotionControllerTest" time="0.0"/>
  <testcase name="testRaiseMotionDetectedEvent" classname="com.sahaj.controllers.MotionControllerTest" time="0.004"/>
  <system-out><![CDATA[]]></system-out>
  <system-err><![CDATA[]]></system-err>
</testsuite>
